<?xml version="1.0" encoding="UTF-8"?>
<coverage generated="1611598132832" clover="3.2.0">
  <project timestamp="1611598132832" name="All files">
    <metrics statements="246" coveredstatements="120" conditionals="46" coveredconditionals="17" methods="96" coveredmethods="37" elements="388" coveredelements="174" complexity="0" loc="246" ncloc="246" packages="2" files="9" classes="9"/>
    <package name="src">
      <metrics statements="1" coveredstatements="0" conditionals="0" coveredconditionals="0" methods="0" coveredmethods="0"/>
      <file name="index.jsx" path="/Users/thomasmcnutt/hackreactor/FEC/collin-newman-service/src/index.jsx">
        <metrics statements="1" coveredstatements="0" conditionals="0" coveredconditionals="0" methods="0" coveredmethods="0"/>
        <line num="8" count="0" type="stmt"/>
      </file>
    </package>
    <package name="src.components">
      <metrics statements="245" coveredstatements="120" conditionals="46" coveredconditionals="17" methods="96" coveredmethods="37"/>
      <file name="App.jsx" path="/Users/thomasmcnutt/hackreactor/FEC/collin-newman-service/src/components/App.jsx">
        <metrics statements="94" coveredstatements="51" conditionals="30" coveredconditionals="12" methods="29" coveredmethods="15"/>
        <line num="15" count="5" type="stmt"/>
        <line num="16" count="5" type="stmt"/>
        <line num="27" count="5" type="stmt"/>
        <line num="28" count="5" type="stmt"/>
        <line num="29" count="5" type="stmt"/>
        <line num="30" count="5" type="stmt"/>
        <line num="31" count="5" type="stmt"/>
        <line num="32" count="5" type="stmt"/>
        <line num="33" count="5" type="stmt"/>
        <line num="34" count="5" type="stmt"/>
        <line num="38" count="5" type="stmt"/>
        <line num="42" count="1" type="stmt"/>
        <line num="46" count="0" type="stmt"/>
        <line num="50" count="0" type="cond" truecount="0" falsecount="2"/>
        <line num="51" count="0" type="stmt"/>
        <line num="53" count="0" type="stmt"/>
        <line num="58" count="0" type="cond" truecount="0" falsecount="2"/>
        <line num="59" count="0" type="stmt"/>
        <line num="61" count="0" type="stmt"/>
        <line num="66" count="0" type="cond" truecount="0" falsecount="2"/>
        <line num="67" count="0" type="stmt"/>
        <line num="69" count="0" type="stmt"/>
        <line num="74" count="0" type="cond" truecount="0" falsecount="2"/>
        <line num="75" count="0" type="stmt"/>
        <line num="77" count="0" type="stmt"/>
        <line num="85" count="5" type="stmt"/>
        <line num="87" count="0" type="stmt"/>
        <line num="88" count="0" type="stmt"/>
        <line num="89" count="0" type="stmt"/>
        <line num="90" count="0" type="stmt"/>
        <line num="92" count="0" type="stmt"/>
        <line num="96" count="13" type="stmt"/>
        <line num="97" count="13" type="stmt"/>
        <line num="98" count="13" type="stmt"/>
        <line num="99" count="13" type="cond" truecount="1" falsecount="1"/>
        <line num="100" count="13" type="stmt"/>
        <line num="102" count="0" type="stmt"/>
        <line num="111" count="13" type="stmt"/>
        <line num="112" count="13" type="stmt"/>
        <line num="113" count="13" type="stmt"/>
        <line num="114" count="600" type="cond" truecount="1" falsecount="1"/>
        <line num="115" count="600" type="stmt"/>
        <line num="117" count="0" type="cond" truecount="0" falsecount="2"/>
        <line num="118" count="0" type="stmt"/>
        <line num="121" count="600" type="cond" truecount="1" falsecount="1"/>
        <line num="122" count="0" type="stmt"/>
        <line num="124" count="600" type="cond" truecount="1" falsecount="1"/>
        <line num="125" count="600" type="stmt"/>
        <line num="128" count="600" type="stmt"/>
        <line num="129" count="600" type="stmt"/>
        <line num="130" count="0" type="cond" truecount="0" falsecount="2"/>
        <line num="131" count="0" type="stmt"/>
        <line num="132" count="0" type="stmt"/>
        <line num="135" count="600" type="cond" truecount="1" falsecount="1"/>
        <line num="136" count="0" type="stmt"/>
        <line num="138" count="600" type="cond" truecount="1" falsecount="1"/>
        <line num="139" count="600" type="stmt"/>
        <line num="142" count="13" type="stmt"/>
        <line num="145" count="13" type="stmt"/>
        <line num="149" count="0" type="stmt"/>
        <line num="150" count="0" type="stmt"/>
        <line num="152" count="0" type="stmt"/>
        <line num="154" count="0" type="stmt"/>
        <line num="158" count="1" type="stmt"/>
        <line num="161" count="1" type="stmt"/>
        <line num="162" count="100" type="stmt"/>
        <line num="165" count="1" type="stmt"/>
        <line num="173" count="1" type="stmt"/>
        <line num="174" count="100" type="cond" truecount="2" falsecount="0"/>
        <line num="175" count="5" type="stmt"/>
        <line num="177" count="95" type="stmt"/>
        <line num="179" count="100" type="stmt"/>
        <line num="181" count="1" type="stmt"/>
        <line num="182" count="1" type="stmt"/>
        <line num="186" count="0" type="stmt"/>
        <line num="187" count="0" type="stmt"/>
        <line num="188" count="0" type="stmt"/>
        <line num="189" count="0" type="stmt"/>
        <line num="190" count="0" type="stmt"/>
        <line num="191" count="0" type="stmt"/>
        <line num="193" count="0" type="stmt"/>
        <line num="194" count="0" type="stmt"/>
        <line num="195" count="0" type="stmt"/>
        <line num="196" count="0" type="stmt"/>
        <line num="198" count="0" type="stmt"/>
        <line num="199" count="0" type="stmt"/>
        <line num="201" count="0" type="stmt"/>
        <line num="207" count="12" type="stmt"/>
        <line num="209" count="12" type="stmt"/>
        <line num="210" count="12" type="stmt"/>
        <line num="211" count="12" type="cond" truecount="4" falsecount="0"/>
        <line num="212" count="1" type="stmt"/>
        <line num="236" count="11" type="stmt"/>
        <line num="240" count="12" type="stmt"/>
      </file>
      <file name="Pagination.jsx" path="/Users/thomasmcnutt/hackreactor/FEC/collin-newman-service/src/components/Pagination.jsx">
        <metrics statements="2" coveredstatements="2" conditionals="0" coveredconditionals="0" methods="1" coveredmethods="1"/>
        <line num="3" count="5" type="stmt"/>
        <line num="4" count="2" type="stmt"/>
      </file>
      <file name="ReviewCard.jsx" path="/Users/thomasmcnutt/hackreactor/FEC/collin-newman-service/src/components/ReviewCard.jsx">
        <metrics statements="21" coveredstatements="17" conditionals="6" coveredconditionals="3" methods="6" coveredmethods="5"/>
        <line num="22" count="5" type="stmt"/>
        <line num="48" count="5" type="stmt"/>
        <line num="49" count="4" type="stmt"/>
        <line num="50" count="4" type="stmt"/>
        <line num="51" count="4" type="stmt"/>
        <line num="52" count="4" type="stmt"/>
        <line num="54" count="4" type="stmt"/>
        <line num="55" count="4" type="stmt"/>
        <line num="56" count="4" type="cond" truecount="1" falsecount="1"/>
        <line num="57" count="0" type="stmt"/>
        <line num="59" count="4" type="cond" truecount="1" falsecount="1"/>
        <line num="60" count="0" type="stmt"/>
        <line num="68" count="4" type="stmt"/>
        <line num="71" count="16" type="stmt"/>
        <line num="82" count="4" type="stmt"/>
        <line num="83" count="4" type="cond" truecount="1" falsecount="1"/>
        <line num="84" count="0" type="stmt"/>
        <line num="86" count="4" type="stmt"/>
        <line num="89" count="4" type="stmt"/>
        <line num="161" count="0" type="stmt"/>
        <line num="181" count="5" type="stmt"/>
      </file>
      <file name="ReviewFilters.jsx" path="/Users/thomasmcnutt/hackreactor/FEC/collin-newman-service/src/components/ReviewFilters.jsx">
        <metrics statements="76" coveredstatements="19" conditionals="4" coveredconditionals="0" methods="38" coveredmethods="7"/>
        <line num="7" count="6" type="stmt"/>
        <line num="52" count="7" type="stmt"/>
        <line num="53" count="7" type="stmt"/>
        <line num="86" count="7" type="stmt"/>
        <line num="88" count="7" type="stmt"/>
        <line num="89" count="0" type="stmt"/>
        <line num="90" count="0" type="stmt"/>
        <line num="91" count="0" type="stmt"/>
        <line num="92" count="0" type="stmt"/>
        <line num="93" count="0" type="stmt"/>
        <line num="94" count="0" type="stmt"/>
        <line num="96" count="0" type="stmt"/>
        <line num="102" count="0" type="stmt"/>
        <line num="106" count="7" type="stmt"/>
        <line num="107" count="0" type="stmt"/>
        <line num="108" count="0" type="stmt"/>
        <line num="109" count="0" type="stmt"/>
        <line num="110" count="0" type="stmt"/>
        <line num="111" count="0" type="stmt"/>
        <line num="112" count="0" type="stmt"/>
        <line num="113" count="0" type="stmt"/>
        <line num="116" count="0" type="stmt"/>
        <line num="117" count="0" type="stmt"/>
        <line num="118" count="0" type="cond" truecount="0" falsecount="2"/>
        <line num="119" count="0" type="stmt"/>
        <line num="122" count="0" type="cond" truecount="0" falsecount="2"/>
        <line num="123" count="0" type="stmt"/>
        <line num="126" count="0" type="stmt"/>
        <line num="133" count="0" type="stmt"/>
        <line num="136" count="7" type="stmt"/>
        <line num="137" count="0" type="stmt"/>
        <line num="138" count="0" type="stmt"/>
        <line num="139" count="0" type="stmt"/>
        <line num="140" count="0" type="stmt"/>
        <line num="141" count="0" type="stmt"/>
        <line num="142" count="0" type="stmt"/>
        <line num="143" count="0" type="stmt"/>
        <line num="145" count="0" type="stmt"/>
        <line num="152" count="0" type="stmt"/>
        <line num="155" count="7" type="stmt"/>
        <line num="156" count="0" type="stmt"/>
        <line num="157" count="0" type="stmt"/>
        <line num="158" count="0" type="stmt"/>
        <line num="159" count="0" type="stmt"/>
        <line num="170" count="0" type="stmt"/>
        <line num="175" count="7" type="stmt"/>
        <line num="176" count="7" type="stmt"/>
        <line num="184" count="0" type="stmt"/>
        <line num="188" count="0" type="stmt"/>
        <line num="192" count="0" type="stmt"/>
        <line num="196" count="0" type="stmt"/>
        <line num="200" count="0" type="stmt"/>
        <line num="217" count="7" type="stmt"/>
        <line num="218" count="7" type="stmt"/>
        <line num="224" count="0" type="stmt"/>
        <line num="228" count="0" type="stmt"/>
        <line num="232" count="0" type="stmt"/>
        <line num="236" count="0" type="stmt"/>
        <line num="240" count="0" type="stmt"/>
        <line num="248" count="7" type="stmt"/>
        <line num="249" count="7" type="stmt"/>
        <line num="255" count="0" type="stmt"/>
        <line num="259" count="0" type="stmt"/>
        <line num="263" count="0" type="stmt"/>
        <line num="267" count="0" type="stmt"/>
        <line num="275" count="7" type="stmt"/>
        <line num="276" count="7" type="stmt"/>
        <line num="282" count="0" type="stmt"/>
        <line num="286" count="0" type="stmt"/>
        <line num="290" count="0" type="stmt"/>
        <line num="294" count="0" type="stmt"/>
        <line num="298" count="0" type="stmt"/>
        <line num="302" count="0" type="stmt"/>
        <line num="310" count="7" type="stmt"/>
        <line num="323" count="4" type="stmt"/>
        <line num="339" count="4" type="stmt"/>
      </file>
      <file name="ReviewKeywords.jsx" path="/Users/thomasmcnutt/hackreactor/FEC/collin-newman-service/src/components/ReviewKeywords.jsx">
        <metrics statements="1" coveredstatements="1" conditionals="0" coveredconditionals="0" methods="1" coveredmethods="1"/>
        <line num="3" count="1" type="stmt"/>
      </file>
      <file name="ReviewList.jsx" path="/Users/thomasmcnutt/hackreactor/FEC/collin-newman-service/src/components/ReviewList.jsx">
        <metrics statements="13" coveredstatements="13" conditionals="4" coveredconditionals="2" methods="3" coveredmethods="3"/>
        <line num="10" count="4" type="stmt"/>
        <line num="11" count="1" type="stmt"/>
        <line num="27" count="4" type="stmt"/>
        <line num="28" count="1" type="stmt"/>
        <line num="29" count="1" type="stmt"/>
        <line num="31" count="1" type="cond" truecount="1" falsecount="1"/>
        <line num="32" count="1" type="stmt"/>
        <line num="33" count="1" type="stmt"/>
        <line num="34" count="1" type="stmt"/>
        <line num="45" count="1" type="cond" truecount="1" falsecount="1"/>
        <line num="46" count="1" type="stmt"/>
        <line num="50" count="1" type="stmt"/>
        <line num="58" count="4" type="stmt"/>
      </file>
      <file name="ReviewListControls.jsx" path="/Users/thomasmcnutt/hackreactor/FEC/collin-newman-service/src/components/ReviewListControls.jsx">
        <metrics statements="21" coveredstatements="12" conditionals="0" coveredconditionals="0" methods="11" coveredmethods="3"/>
        <line num="23" count="3" type="stmt"/>
        <line num="87" count="3" type="stmt"/>
        <line num="88" count="5" type="stmt"/>
        <line num="97" count="3" type="stmt"/>
        <line num="99" count="3" type="stmt"/>
        <line num="100" count="3" type="stmt"/>
        <line num="102" count="3" type="stmt"/>
        <line num="103" count="0" type="stmt"/>
        <line num="106" count="3" type="stmt"/>
        <line num="107" count="0" type="stmt"/>
        <line num="110" count="3" type="stmt"/>
        <line num="111" count="3" type="stmt"/>
        <line num="128" count="0" type="stmt"/>
        <line num="147" count="0" type="stmt"/>
        <line num="163" count="0" type="stmt"/>
        <line num="180" count="0" type="stmt"/>
        <line num="185" count="0" type="stmt"/>
        <line num="186" count="0" type="stmt"/>
        <line num="195" count="3" type="stmt"/>
        <line num="214" count="0" type="stmt"/>
        <line num="242" count="3" type="stmt"/>
      </file>
      <file name="SearchBar.jsx" path="/Users/thomasmcnutt/hackreactor/FEC/collin-newman-service/src/components/SearchBar.jsx">
        <metrics statements="17" coveredstatements="5" conditionals="2" coveredconditionals="0" methods="7" coveredmethods="2"/>
        <line num="13" count="1" type="stmt"/>
        <line num="15" count="1" type="stmt"/>
        <line num="21" count="0" type="cond" truecount="0" falsecount="2"/>
        <line num="22" count="0" type="stmt"/>
        <line num="24" count="0" type="stmt"/>
        <line num="29" count="0" type="stmt"/>
        <line num="30" count="0" type="stmt"/>
        <line num="34" count="0" type="stmt"/>
        <line num="35" count="0" type="stmt"/>
        <line num="36" count="0" type="stmt"/>
        <line num="37" count="0" type="stmt"/>
        <line num="41" count="1" type="stmt"/>
        <line num="42" count="1" type="stmt"/>
        <line num="49" count="0" type="stmt"/>
        <line num="50" count="0" type="stmt"/>
        <line num="62" count="0" type="stmt"/>
        <line num="80" count="3" type="stmt"/>
      </file>
    </package>
  </project>
</coverage>
