{"/Users/thomasmcnutt/hackreactor/FEC/collin-newman-service/src/index.jsx": {"path":"/Users/thomasmcnutt/hackreactor/FEC/collin-newman-service/src/index.jsx","statementMap":{"0":{"start":{"line":8,"column":0},"end":{"line":8,"column":57}}},"fnMap":{},"branchMap":{},"s":{"0":0},"f":{},"b":{}}
,"/Users/thomasmcnutt/hackreactor/FEC/collin-newman-service/src/components/App.jsx": {"path":"/Users/thomasmcnutt/hackreactor/FEC/collin-newman-service/src/components/App.jsx","statementMap":{"0":{"start":{"line":15,"column":4},"end":{"line":15,"column":17}},"1":{"start":{"line":16,"column":4},"end":{"line":26,"column":6}},"2":{"start":{"line":27,"column":4},"end":{"line":27,"column":67}},"3":{"start":{"line":28,"column":4},"end":{"line":28,"column":71}},"4":{"start":{"line":29,"column":4},"end":{"line":29,"column":73}},"5":{"start":{"line":30,"column":4},"end":{"line":30,"column":51}},"6":{"start":{"line":31,"column":4},"end":{"line":31,"column":89}},"7":{"start":{"line":32,"column":4},"end":{"line":32,"column":81}},"8":{"start":{"line":33,"column":4},"end":{"line":33,"column":85}},"9":{"start":{"line":34,"column":4},"end":{"line":34,"column":77}},"10":{"start":{"line":38,"column":4},"end":{"line":38,"column":19}},"11":{"start":{"line":42,"column":4},"end":{"line":42,"column":45}},"12":{"start":{"line":46,"column":4},"end":{"line":46,"column":54}},"13":{"start":{"line":50,"column":4},"end":{"line":54,"column":5}},"14":{"start":{"line":51,"column":6},"end":{"line":51,"column":55}},"15":{"start":{"line":53,"column":6},"end":{"line":53,"column":58}},"16":{"start":{"line":58,"column":4},"end":{"line":62,"column":5}},"17":{"start":{"line":59,"column":6},"end":{"line":59,"column":91}},"18":{"start":{"line":61,"column":6},"end":{"line":61,"column":61}},"19":{"start":{"line":66,"column":4},"end":{"line":70,"column":5}},"20":{"start":{"line":67,"column":6},"end":{"line":67,"column":57}},"21":{"start":{"line":69,"column":6},"end":{"line":69,"column":53}},"22":{"start":{"line":74,"column":4},"end":{"line":78,"column":5}},"23":{"start":{"line":75,"column":6},"end":{"line":75,"column":53}},"24":{"start":{"line":77,"column":6},"end":{"line":77,"column":49}},"25":{"start":{"line":85,"column":4},"end":{"line":92,"column":40}},"26":{"start":{"line":87,"column":8},"end":{"line":87,"column":45}},"27":{"start":{"line":88,"column":23},"end":{"line":88,"column":95}},"28":{"start":{"line":88,"column":59},"end":{"line":88,"column":94}},"29":{"start":{"line":89,"column":8},"end":{"line":89,"column":43}},"30":{"start":{"line":90,"column":8},"end":{"line":90,"column":39}},"31":{"start":{"line":92,"column":22},"end":{"line":92,"column":38}},"32":{"start":{"line":96,"column":18},"end":{"line":96,"column":38}},"33":{"start":{"line":97,"column":16},"end":{"line":97,"column":31}},"34":{"start":{"line":98,"column":28},"end":{"line":98,"column":48}},"35":{"start":{"line":99,"column":4},"end":{"line":101,"column":5}},"36":{"start":{"line":100,"column":6},"end":{"line":100,"column":92}},"37":{"start":{"line":102,"column":4},"end":{"line":102,"column":95}},"38":{"start":{"line":111,"column":8},"end":{"line":111,"column":18}},"39":{"start":{"line":112,"column":28},"end":{"line":143,"column":5}},"40":{"start":{"line":113,"column":30},"end":{"line":141,"column":8}},"41":{"start":{"line":114,"column":8},"end":{"line":116,"column":9}},"42":{"start":{"line":115,"column":10},"end":{"line":115,"column":24}},"43":{"start":{"line":117,"column":8},"end":{"line":119,"column":9}},"44":{"start":{"line":118,"column":10},"end":{"line":118,"column":24}},"45":{"start":{"line":121,"column":8},"end":{"line":123,"column":9}},"46":{"start":{"line":122,"column":10},"end":{"line":122,"column":24}},"47":{"start":{"line":124,"column":8},"end":{"line":126,"column":9}},"48":{"start":{"line":125,"column":10},"end":{"line":125,"column":24}},"49":{"start":{"line":128,"column":19},"end":{"line":128,"column":24}},"50":{"start":{"line":129,"column":8},"end":{"line":134,"column":9}},"51":{"start":{"line":129,"column":21},"end":{"line":129,"column":22}},"52":{"start":{"line":130,"column":10},"end":{"line":133,"column":11}},"53":{"start":{"line":131,"column":12},"end":{"line":131,"column":24}},"54":{"start":{"line":132,"column":12},"end":{"line":132,"column":18}},"55":{"start":{"line":135,"column":8},"end":{"line":137,"column":9}},"56":{"start":{"line":136,"column":10},"end":{"line":136,"column":24}},"57":{"start":{"line":138,"column":8},"end":{"line":140,"column":9}},"58":{"start":{"line":139,"column":10},"end":{"line":139,"column":24}},"59":{"start":{"line":142,"column":6},"end":{"line":142,"column":29}},"60":{"start":{"line":145,"column":4},"end":{"line":145,"column":29}},"61":{"start":{"line":149,"column":15},"end":{"line":149,"column":47}},"62":{"start":{"line":150,"column":4},"end":{"line":154,"column":40}},"63":{"start":{"line":152,"column":8},"end":{"line":152,"column":23}},"64":{"start":{"line":154,"column":22},"end":{"line":154,"column":38}},"65":{"start":{"line":158,"column":24},"end":{"line":158,"column":34}},"66":{"start":{"line":161,"column":20},"end":{"line":163,"column":10}},"67":{"start":{"line":162,"column":6},"end":{"line":162,"column":43}},"68":{"start":{"line":165,"column":30},"end":{"line":171,"column":5}},"69":{"start":{"line":173,"column":28},"end":{"line":180,"column":10}},"70":{"start":{"line":174,"column":6},"end":{"line":178,"column":7}},"71":{"start":{"line":175,"column":8},"end":{"line":175,"column":57}},"72":{"start":{"line":177,"column":8},"end":{"line":177,"column":58}},"73":{"start":{"line":179,"column":6},"end":{"line":179,"column":17}},"74":{"start":{"line":181,"column":19},"end":{"line":181,"column":23}},"75":{"start":{"line":182,"column":4},"end":{"line":182,"column":47}},"76":{"start":{"line":186,"column":19},"end":{"line":186,"column":21}},"77":{"start":{"line":187,"column":4},"end":{"line":187,"column":65}},"78":{"start":{"line":188,"column":4},"end":{"line":188,"column":69}},"79":{"start":{"line":189,"column":4},"end":{"line":189,"column":67}},"80":{"start":{"line":190,"column":4},"end":{"line":190,"column":73}},"81":{"start":{"line":191,"column":4},"end":{"line":191,"column":77}},"82":{"start":{"line":193,"column":4},"end":{"line":193,"column":41}},"83":{"start":{"line":194,"column":4},"end":{"line":194,"column":35}},"84":{"start":{"line":195,"column":4},"end":{"line":195,"column":23}},"85":{"start":{"line":196,"column":4},"end":{"line":201,"column":40}},"86":{"start":{"line":198,"column":8},"end":{"line":198,"column":25}},"87":{"start":{"line":199,"column":8},"end":{"line":199,"column":23}},"88":{"start":{"line":201,"column":22},"end":{"line":201,"column":38}},"89":{"start":{"line":207,"column":8},"end":{"line":207,"column":18}},"90":{"start":{"line":209,"column":28},"end":{"line":209,"column":56}},"91":{"start":{"line":210,"column":25},"end":{"line":210,"column":58}},"92":{"start":{"line":211,"column":4},"end":{"line":235,"column":5}},"93":{"start":{"line":212,"column":6},"end":{"line":234,"column":8}},"94":{"start":{"line":236,"column":4},"end":{"line":236,"column":29}},"95":{"start":{"line":240,"column":4},"end":{"line":252,"column":6}}},"fnMap":{"0":{"name":"(anonymous_0)","decl":{"start":{"line":14,"column":2},"end":{"line":14,"column":3}},"loc":{"start":{"line":14,"column":21},"end":{"line":35,"column":3}},"line":14},"1":{"name":"(anonymous_1)","decl":{"start":{"line":37,"column":2},"end":{"line":37,"column":3}},"loc":{"start":{"line":37,"column":22},"end":{"line":39,"column":3}},"line":37},"2":{"name":"(anonymous_2)","decl":{"start":{"line":41,"column":2},"end":{"line":41,"column":3}},"loc":{"start":{"line":41,"column":26},"end":{"line":43,"column":3}},"line":41},"3":{"name":"(anonymous_3)","decl":{"start":{"line":45,"column":2},"end":{"line":45,"column":3}},"loc":{"start":{"line":45,"column":38},"end":{"line":47,"column":3}},"line":45},"4":{"name":"(anonymous_4)","decl":{"start":{"line":49,"column":2},"end":{"line":49,"column":3}},"loc":{"start":{"line":49,"column":40},"end":{"line":55,"column":3}},"line":49},"5":{"name":"(anonymous_5)","decl":{"start":{"line":57,"column":2},"end":{"line":57,"column":3}},"loc":{"start":{"line":57,"column":43},"end":{"line":63,"column":3}},"line":57},"6":{"name":"(anonymous_6)","decl":{"start":{"line":65,"column":2},"end":{"line":65,"column":3}},"loc":{"start":{"line":65,"column":39},"end":{"line":71,"column":3}},"line":65},"7":{"name":"(anonymous_7)","decl":{"start":{"line":73,"column":2},"end":{"line":73,"column":3}},"loc":{"start":{"line":73,"column":35},"end":{"line":79,"column":3}},"line":73},"8":{"name":"(anonymous_8)","decl":{"start":{"line":81,"column":2},"end":{"line":81,"column":3}},"loc":{"start":{"line":81,"column":12},"end":{"line":93,"column":3}},"line":81},"9":{"name":"(anonymous_9)","decl":{"start":{"line":86,"column":12},"end":{"line":86,"column":13}},"loc":{"start":{"line":86,"column":21},"end":{"line":91,"column":7}},"line":86},"10":{"name":"(anonymous_10)","decl":{"start":{"line":88,"column":49},"end":{"line":88,"column":50}},"loc":{"start":{"line":88,"column":59},"end":{"line":88,"column":94}},"line":88},"11":{"name":"(anonymous_11)","decl":{"start":{"line":92,"column":13},"end":{"line":92,"column":14}},"loc":{"start":{"line":92,"column":22},"end":{"line":92,"column":38}},"line":92},"12":{"name":"(anonymous_12)","decl":{"start":{"line":95,"column":2},"end":{"line":95,"column":3}},"loc":{"start":{"line":95,"column":25},"end":{"line":103,"column":3}},"line":95},"13":{"name":"(anonymous_13)","decl":{"start":{"line":105,"column":2},"end":{"line":105,"column":3}},"loc":{"start":{"line":105,"column":18},"end":{"line":146,"column":3}},"line":105},"14":{"name":"(anonymous_14)","decl":{"start":{"line":112,"column":28},"end":{"line":112,"column":29}},"loc":{"start":{"line":112,"column":34},"end":{"line":143,"column":5}},"line":112},"15":{"name":"(anonymous_15)","decl":{"start":{"line":113,"column":45},"end":{"line":113,"column":46}},"loc":{"start":{"line":113,"column":57},"end":{"line":120,"column":7}},"line":113},"16":{"name":"(anonymous_16)","decl":{"start":{"line":120,"column":16},"end":{"line":120,"column":17}},"loc":{"start":{"line":120,"column":28},"end":{"line":127,"column":7}},"line":120},"17":{"name":"(anonymous_17)","decl":{"start":{"line":127,"column":16},"end":{"line":127,"column":17}},"loc":{"start":{"line":127,"column":28},"end":{"line":141,"column":7}},"line":127},"18":{"name":"(anonymous_18)","decl":{"start":{"line":148,"column":2},"end":{"line":148,"column":3}},"loc":{"start":{"line":148,"column":25},"end":{"line":155,"column":3}},"line":148},"19":{"name":"(anonymous_19)","decl":{"start":{"line":151,"column":12},"end":{"line":151,"column":13}},"loc":{"start":{"line":151,"column":18},"end":{"line":153,"column":7}},"line":151},"20":{"name":"(anonymous_20)","decl":{"start":{"line":154,"column":13},"end":{"line":154,"column":14}},"loc":{"start":{"line":154,"column":22},"end":{"line":154,"column":38}},"line":154},"21":{"name":"(anonymous_21)","decl":{"start":{"line":157,"column":2},"end":{"line":157,"column":3}},"loc":{"start":{"line":157,"column":28},"end":{"line":183,"column":3}},"line":157},"22":{"name":"(anonymous_22)","decl":{"start":{"line":161,"column":35},"end":{"line":161,"column":36}},"loc":{"start":{"line":162,"column":6},"end":{"line":162,"column":43}},"line":162},"23":{"name":"(anonymous_23)","decl":{"start":{"line":173,"column":43},"end":{"line":173,"column":44}},"loc":{"start":{"line":173,"column":66},"end":{"line":180,"column":5}},"line":173},"24":{"name":"(anonymous_24)","decl":{"start":{"line":185,"column":2},"end":{"line":185,"column":3}},"loc":{"start":{"line":185,"column":16},"end":{"line":202,"column":3}},"line":185},"25":{"name":"(anonymous_25)","decl":{"start":{"line":197,"column":12},"end":{"line":197,"column":13}},"loc":{"start":{"line":197,"column":21},"end":{"line":200,"column":7}},"line":197},"26":{"name":"(anonymous_26)","decl":{"start":{"line":201,"column":13},"end":{"line":201,"column":14}},"loc":{"start":{"line":201,"column":22},"end":{"line":201,"column":38}},"line":201},"27":{"name":"(anonymous_27)","decl":{"start":{"line":204,"column":2},"end":{"line":204,"column":3}},"loc":{"start":{"line":204,"column":15},"end":{"line":237,"column":3}},"line":204},"28":{"name":"(anonymous_28)","decl":{"start":{"line":239,"column":2},"end":{"line":239,"column":3}},"loc":{"start":{"line":239,"column":11},"end":{"line":253,"column":3}},"line":239}},"branchMap":{"0":{"loc":{"start":{"line":50,"column":4},"end":{"line":54,"column":5}},"type":"if","locations":[{"start":{"line":50,"column":4},"end":{"line":54,"column":5}},{"start":{"line":50,"column":4},"end":{"line":54,"column":5}}],"line":50},"1":{"loc":{"start":{"line":58,"column":4},"end":{"line":62,"column":5}},"type":"if","locations":[{"start":{"line":58,"column":4},"end":{"line":62,"column":5}},{"start":{"line":58,"column":4},"end":{"line":62,"column":5}}],"line":58},"2":{"loc":{"start":{"line":66,"column":4},"end":{"line":70,"column":5}},"type":"if","locations":[{"start":{"line":66,"column":4},"end":{"line":70,"column":5}},{"start":{"line":66,"column":4},"end":{"line":70,"column":5}}],"line":66},"3":{"loc":{"start":{"line":74,"column":4},"end":{"line":78,"column":5}},"type":"if","locations":[{"start":{"line":74,"column":4},"end":{"line":78,"column":5}},{"start":{"line":74,"column":4},"end":{"line":78,"column":5}}],"line":74},"4":{"loc":{"start":{"line":99,"column":4},"end":{"line":101,"column":5}},"type":"if","locations":[{"start":{"line":99,"column":4},"end":{"line":101,"column":5}},{"start":{"line":99,"column":4},"end":{"line":101,"column":5}}],"line":99},"5":{"loc":{"start":{"line":114,"column":8},"end":{"line":116,"column":9}},"type":"if","locations":[{"start":{"line":114,"column":8},"end":{"line":116,"column":9}},{"start":{"line":114,"column":8},"end":{"line":116,"column":9}}],"line":114},"6":{"loc":{"start":{"line":117,"column":8},"end":{"line":119,"column":9}},"type":"if","locations":[{"start":{"line":117,"column":8},"end":{"line":119,"column":9}},{"start":{"line":117,"column":8},"end":{"line":119,"column":9}}],"line":117},"7":{"loc":{"start":{"line":121,"column":8},"end":{"line":123,"column":9}},"type":"if","locations":[{"start":{"line":121,"column":8},"end":{"line":123,"column":9}},{"start":{"line":121,"column":8},"end":{"line":123,"column":9}}],"line":121},"8":{"loc":{"start":{"line":124,"column":8},"end":{"line":126,"column":9}},"type":"if","locations":[{"start":{"line":124,"column":8},"end":{"line":126,"column":9}},{"start":{"line":124,"column":8},"end":{"line":126,"column":9}}],"line":124},"9":{"loc":{"start":{"line":130,"column":10},"end":{"line":133,"column":11}},"type":"if","locations":[{"start":{"line":130,"column":10},"end":{"line":133,"column":11}},{"start":{"line":130,"column":10},"end":{"line":133,"column":11}}],"line":130},"10":{"loc":{"start":{"line":135,"column":8},"end":{"line":137,"column":9}},"type":"if","locations":[{"start":{"line":135,"column":8},"end":{"line":137,"column":9}},{"start":{"line":135,"column":8},"end":{"line":137,"column":9}}],"line":135},"11":{"loc":{"start":{"line":138,"column":8},"end":{"line":140,"column":9}},"type":"if","locations":[{"start":{"line":138,"column":8},"end":{"line":140,"column":9}},{"start":{"line":138,"column":8},"end":{"line":140,"column":9}}],"line":138},"12":{"loc":{"start":{"line":174,"column":6},"end":{"line":178,"column":7}},"type":"if","locations":[{"start":{"line":174,"column":6},"end":{"line":178,"column":7}},{"start":{"line":174,"column":6},"end":{"line":178,"column":7}}],"line":174},"13":{"loc":{"start":{"line":211,"column":4},"end":{"line":235,"column":5}},"type":"if","locations":[{"start":{"line":211,"column":4},"end":{"line":235,"column":5}},{"start":{"line":211,"column":4},"end":{"line":235,"column":5}}],"line":211},"14":{"loc":{"start":{"line":211,"column":8},"end":{"line":211,"column":36}},"type":"binary-expr","locations":[{"start":{"line":211,"column":8},"end":{"line":211,"column":26}},{"start":{"line":211,"column":30},"end":{"line":211,"column":36}}],"line":211}},"s":{"0":5,"1":5,"2":5,"3":5,"4":5,"5":5,"6":5,"7":5,"8":5,"9":5,"10":5,"11":1,"12":0,"13":0,"14":0,"15":0,"16":0,"17":0,"18":0,"19":0,"20":0,"21":0,"22":0,"23":0,"24":0,"25":5,"26":0,"27":0,"28":0,"29":0,"30":0,"31":0,"32":13,"33":13,"34":13,"35":13,"36":13,"37":0,"38":13,"39":13,"40":13,"41":600,"42":600,"43":0,"44":0,"45":600,"46":0,"47":600,"48":600,"49":600,"50":600,"51":600,"52":0,"53":0,"54":0,"55":600,"56":0,"57":600,"58":600,"59":13,"60":13,"61":0,"62":0,"63":0,"64":0,"65":1,"66":1,"67":100,"68":1,"69":1,"70":100,"71":5,"72":95,"73":100,"74":1,"75":1,"76":0,"77":0,"78":0,"79":0,"80":0,"81":0,"82":0,"83":0,"84":0,"85":0,"86":0,"87":0,"88":0,"89":12,"90":12,"91":12,"92":12,"93":1,"94":11,"95":12},"f":{"0":5,"1":5,"2":1,"3":0,"4":0,"5":0,"6":0,"7":0,"8":5,"9":0,"10":0,"11":0,"12":13,"13":13,"14":13,"15":600,"16":600,"17":600,"18":0,"19":0,"20":0,"21":1,"22":100,"23":100,"24":0,"25":0,"26":0,"27":12,"28":12},"b":{"0":[0,0],"1":[0,0],"2":[0,0],"3":[0,0],"4":[13,0],"5":[600,0],"6":[0,0],"7":[0,600],"8":[600,0],"9":[0,0],"10":[0,600],"11":[600,0],"12":[5,95],"13":[1,11],"14":[12,5]},"_coverageSchema":"1a1c01bbd47fc00a2c39e90264f33305004495a9","hash":"a5892a7e73ae2a613afb0346dfad7ab224bda8aa"}
,"/Users/thomasmcnutt/hackreactor/FEC/collin-newman-service/src/components/Pagination.jsx": {"path":"/Users/thomasmcnutt/hackreactor/FEC/collin-newman-service/src/components/Pagination.jsx","statementMap":{"0":{"start":{"line":3,"column":19},"end":{"line":14,"column":1}},"1":{"start":{"line":4,"column":2},"end":{"line":13,"column":8}}},"fnMap":{"0":{"name":"(anonymous_0)","decl":{"start":{"line":3,"column":19},"end":{"line":3,"column":20}},"loc":{"start":{"line":4,"column":2},"end":{"line":13,"column":8}},"line":4}},"branchMap":{},"s":{"0":5,"1":2},"f":{"0":2},"b":{},"_coverageSchema":"1a1c01bbd47fc00a2c39e90264f33305004495a9","hash":"8f9bd1434e3c5ec379568e350a35f1fe1bd1d2ee"}
,"/Users/thomasmcnutt/hackreactor/FEC/collin-newman-service/src/components/ReviewCard.jsx": {"path":"/Users/thomasmcnutt/hackreactor/FEC/collin-newman-service/src/components/ReviewCard.jsx","statementMap":{"0":{"start":{"line":22,"column":18},"end":{"line":46,"column":3}},"1":{"start":{"line":22,"column":41},"end":{"line":46,"column":1}},"2":{"start":{"line":48,"column":19},"end":{"line":179,"column":1}},"3":{"start":{"line":49,"column":18},"end":{"line":49,"column":29}},"4":{"start":{"line":50,"column":15},"end":{"line":50,"column":59}},"5":{"start":{"line":51,"column":27},"end":{"line":51,"column":77}},"6":{"start":{"line":52,"column":18},"end":{"line":52,"column":24}},"7":{"start":{"line":54,"column":26},"end":{"line":80,"column":3}},"8":{"start":{"line":55,"column":23},"end":{"line":55,"column":29}},"9":{"start":{"line":56,"column":4},"end":{"line":58,"column":5}},"10":{"start":{"line":57,"column":6},"end":{"line":57,"column":18}},"11":{"start":{"line":59,"column":4},"end":{"line":67,"column":5}},"12":{"start":{"line":60,"column":6},"end":{"line":66,"column":8}},"13":{"start":{"line":68,"column":4},"end":{"line":79,"column":6}},"14":{"start":{"line":71,"column":10},"end":{"line":76,"column":12}},"15":{"start":{"line":82,"column":23},"end":{"line":87,"column":3}},"16":{"start":{"line":83,"column":4},"end":{"line":85,"column":5}},"17":{"start":{"line":84,"column":6},"end":{"line":84,"column":31}},"18":{"start":{"line":86,"column":4},"end":{"line":86,"column":51}},"19":{"start":{"line":89,"column":2},"end":{"line":178,"column":4}},"20":{"start":{"line":161,"column":28},"end":{"line":161,"column":51}},"21":{"start":{"line":181,"column":0},"end":{"line":197,"column":2}}},"fnMap":{"0":{"name":"(anonymous_0)","decl":{"start":{"line":22,"column":29},"end":{"line":22,"column":30}},"loc":{"start":{"line":22,"column":41},"end":{"line":46,"column":1}},"line":22},"1":{"name":"(anonymous_1)","decl":{"start":{"line":48,"column":19},"end":{"line":48,"column":20}},"loc":{"start":{"line":48,"column":56},"end":{"line":179,"column":1}},"line":48},"2":{"name":"(anonymous_2)","decl":{"start":{"line":54,"column":26},"end":{"line":54,"column":27}},"loc":{"start":{"line":54,"column":32},"end":{"line":80,"column":3}},"line":54},"3":{"name":"(anonymous_3)","decl":{"start":{"line":70,"column":20},"end":{"line":70,"column":21}},"loc":{"start":{"line":71,"column":10},"end":{"line":76,"column":12}},"line":71},"4":{"name":"(anonymous_4)","decl":{"start":{"line":82,"column":23},"end":{"line":82,"column":24}},"loc":{"start":{"line":82,"column":29},"end":{"line":87,"column":3}},"line":82},"5":{"name":"(anonymous_5)","decl":{"start":{"line":161,"column":19},"end":{"line":161,"column":20}},"loc":{"start":{"line":161,"column":26},"end":{"line":161,"column":53}},"line":161}},"branchMap":{"0":{"loc":{"start":{"line":56,"column":4},"end":{"line":58,"column":5}},"type":"if","locations":[{"start":{"line":56,"column":4},"end":{"line":58,"column":5}},{"start":{"line":56,"column":4},"end":{"line":58,"column":5}}],"line":56},"1":{"loc":{"start":{"line":59,"column":4},"end":{"line":67,"column":5}},"type":"if","locations":[{"start":{"line":59,"column":4},"end":{"line":67,"column":5}},{"start":{"line":59,"column":4},"end":{"line":67,"column":5}}],"line":59},"2":{"loc":{"start":{"line":83,"column":4},"end":{"line":85,"column":5}},"type":"if","locations":[{"start":{"line":83,"column":4},"end":{"line":85,"column":5}},{"start":{"line":83,"column":4},"end":{"line":85,"column":5}}],"line":83}},"s":{"0":5,"1":1,"2":5,"3":4,"4":4,"5":4,"6":4,"7":4,"8":4,"9":4,"10":0,"11":4,"12":0,"13":4,"14":16,"15":4,"16":4,"17":0,"18":4,"19":4,"20":0,"21":5},"f":{"0":1,"1":4,"2":4,"3":16,"4":4,"5":0},"b":{"0":[0,4],"1":[0,4],"2":[0,4]},"_coverageSchema":"1a1c01bbd47fc00a2c39e90264f33305004495a9","hash":"58a6ee42f8de10126c0a4dd0b8ea38670aeae212"}
,"/Users/thomasmcnutt/hackreactor/FEC/collin-newman-service/src/components/ReviewFilters.jsx": {"path":"/Users/thomasmcnutt/hackreactor/FEC/collin-newman-service/src/components/ReviewFilters.jsx","statementMap":{"0":{"start":{"line":7,"column":18},"end":{"line":48,"column":2}},"1":{"start":{"line":7,"column":30},"end":{"line":48,"column":1}},"2":{"start":{"line":52,"column":4},"end":{"line":52,"column":17}},"3":{"start":{"line":53,"column":4},"end":{"line":85,"column":6}},"4":{"start":{"line":86,"column":4},"end":{"line":86,"column":33}},"5":{"start":{"line":88,"column":4},"end":{"line":104,"column":6}},"6":{"start":{"line":89,"column":26},"end":{"line":89,"column":36}},"7":{"start":{"line":90,"column":21},"end":{"line":90,"column":54}},"8":{"start":{"line":91,"column":27},"end":{"line":91,"column":81}},"9":{"start":{"line":91,"column":65},"end":{"line":91,"column":80}},"10":{"start":{"line":92,"column":30},"end":{"line":92,"column":32}},"11":{"start":{"line":93,"column":6},"end":{"line":95,"column":9}},"12":{"start":{"line":94,"column":8},"end":{"line":94,"column":44}},"13":{"start":{"line":96,"column":6},"end":{"line":101,"column":9}},"14":{"start":{"line":102,"column":6},"end":{"line":102,"column":30}},"15":{"start":{"line":106,"column":4},"end":{"line":134,"column":6}},"16":{"start":{"line":107,"column":24},"end":{"line":107,"column":34}},"17":{"start":{"line":108,"column":49},"end":{"line":108,"column":59}},"18":{"start":{"line":109,"column":19},"end":{"line":109,"column":52}},"19":{"start":{"line":110,"column":25},"end":{"line":110,"column":75}},"20":{"start":{"line":110,"column":61},"end":{"line":110,"column":74}},"21":{"start":{"line":111,"column":28},"end":{"line":111,"column":30}},"22":{"start":{"line":112,"column":6},"end":{"line":114,"column":9}},"23":{"start":{"line":113,"column":8},"end":{"line":113,"column":40}},"24":{"start":{"line":116,"column":28},"end":{"line":116,"column":30}},"25":{"start":{"line":117,"column":6},"end":{"line":121,"column":9}},"26":{"start":{"line":118,"column":8},"end":{"line":120,"column":9}},"27":{"start":{"line":119,"column":10},"end":{"line":119,"column":42}},"28":{"start":{"line":122,"column":6},"end":{"line":124,"column":7}},"29":{"start":{"line":123,"column":8},"end":{"line":123,"column":33}},"30":{"start":{"line":126,"column":6},"end":{"line":131,"column":9}},"31":{"start":{"line":133,"column":6},"end":{"line":133,"column":52}},"32":{"start":{"line":136,"column":4},"end":{"line":153,"column":6}},"33":{"start":{"line":137,"column":29},"end":{"line":137,"column":39}},"34":{"start":{"line":138,"column":47},"end":{"line":138,"column":57}},"35":{"start":{"line":139,"column":19},"end":{"line":139,"column":52}},"36":{"start":{"line":140,"column":25},"end":{"line":140,"column":80}},"37":{"start":{"line":140,"column":66},"end":{"line":140,"column":79}},"38":{"start":{"line":141,"column":28},"end":{"line":141,"column":30}},"39":{"start":{"line":142,"column":6},"end":{"line":144,"column":9}},"40":{"start":{"line":143,"column":8},"end":{"line":143,"column":45}},"41":{"start":{"line":145,"column":6},"end":{"line":150,"column":9}},"42":{"start":{"line":152,"column":6},"end":{"line":152,"column":37}},"43":{"start":{"line":155,"column":4},"end":{"line":171,"column":6}},"44":{"start":{"line":156,"column":45},"end":{"line":156,"column":55}},"45":{"start":{"line":157,"column":18},"end":{"line":157,"column":51}},"46":{"start":{"line":158,"column":18},"end":{"line":158,"column":34}},"47":{"start":{"line":159,"column":6},"end":{"line":169,"column":9}},"48":{"start":{"line":170,"column":6},"end":{"line":170,"column":38}},"49":{"start":{"line":175,"column":41},"end":{"line":175,"column":51}},"50":{"start":{"line":176,"column":4},"end":{"line":213,"column":6}},"51":{"start":{"line":184,"column":77},"end":{"line":184,"column":99}},"52":{"start":{"line":188,"column":72},"end":{"line":188,"column":94}},"53":{"start":{"line":192,"column":75},"end":{"line":192,"column":97}},"54":{"start":{"line":196,"column":72},"end":{"line":196,"column":94}},"55":{"start":{"line":200,"column":76},"end":{"line":200,"column":98}},"56":{"start":{"line":217,"column":22},"end":{"line":217,"column":32}},"57":{"start":{"line":218,"column":4},"end":{"line":244,"column":6}},"58":{"start":{"line":224,"column":81},"end":{"line":224,"column":100}},"59":{"start":{"line":228,"column":79},"end":{"line":228,"column":98}},"60":{"start":{"line":232,"column":73},"end":{"line":232,"column":92}},"61":{"start":{"line":236,"column":81},"end":{"line":236,"column":100}},"62":{"start":{"line":240,"column":79},"end":{"line":240,"column":98}},"63":{"start":{"line":248,"column":27},"end":{"line":248,"column":37}},"64":{"start":{"line":249,"column":4},"end":{"line":271,"column":6}},"65":{"start":{"line":255,"column":82},"end":{"line":255,"column":107}},"66":{"start":{"line":259,"column":82},"end":{"line":259,"column":107}},"67":{"start":{"line":263,"column":82},"end":{"line":263,"column":107}},"68":{"start":{"line":267,"column":82},"end":{"line":267,"column":107}},"69":{"start":{"line":275,"column":25},"end":{"line":275,"column":35}},"70":{"start":{"line":276,"column":4},"end":{"line":306,"column":6}},"71":{"start":{"line":282,"column":74},"end":{"line":282,"column":97}},"72":{"start":{"line":286,"column":82},"end":{"line":286,"column":105}},"73":{"start":{"line":290,"column":82},"end":{"line":290,"column":105}},"74":{"start":{"line":294,"column":80},"end":{"line":294,"column":103}},"75":{"start":{"line":298,"column":82},"end":{"line":298,"column":105}},"76":{"start":{"line":302,"column":82},"end":{"line":302,"column":105}},"77":{"start":{"line":310,"column":4},"end":{"line":319,"column":6}},"78":{"start":{"line":323,"column":0},"end":{"line":337,"column":2}},"79":{"start":{"line":339,"column":0},"end":{"line":347,"column":2}}},"fnMap":{"0":{"name":"(anonymous_0)","decl":{"start":{"line":7,"column":18},"end":{"line":7,"column":19}},"loc":{"start":{"line":7,"column":30},"end":{"line":48,"column":1}},"line":7},"1":{"name":"(anonymous_1)","decl":{"start":{"line":51,"column":2},"end":{"line":51,"column":3}},"loc":{"start":{"line":51,"column":21},"end":{"line":172,"column":3}},"line":51},"2":{"name":"handleRatings","decl":{"start":{"line":88,"column":34},"end":{"line":88,"column":47}},"loc":{"start":{"line":88,"column":51},"end":{"line":104,"column":5}},"line":88},"3":{"name":"(anonymous_3)","decl":{"start":{"line":91,"column":55},"end":{"line":91,"column":56}},"loc":{"start":{"line":91,"column":65},"end":{"line":91,"column":80}},"line":91},"4":{"name":"(anonymous_4)","decl":{"start":{"line":93,"column":27},"end":{"line":93,"column":28}},"loc":{"start":{"line":93,"column":36},"end":{"line":95,"column":7}},"line":93},"5":{"name":"handleType","decl":{"start":{"line":106,"column":31},"end":{"line":106,"column":41}},"loc":{"start":{"line":106,"column":45},"end":{"line":134,"column":5}},"line":106},"6":{"name":"(anonymous_6)","decl":{"start":{"line":110,"column":51},"end":{"line":110,"column":52}},"loc":{"start":{"line":110,"column":61},"end":{"line":110,"column":74}},"line":110},"7":{"name":"(anonymous_7)","decl":{"start":{"line":112,"column":25},"end":{"line":112,"column":26}},"loc":{"start":{"line":112,"column":34},"end":{"line":114,"column":7}},"line":112},"8":{"name":"(anonymous_8)","decl":{"start":{"line":117,"column":25},"end":{"line":117,"column":26}},"loc":{"start":{"line":117,"column":42},"end":{"line":121,"column":7}},"line":117},"9":{"name":"handleTimeOfYear","decl":{"start":{"line":136,"column":37},"end":{"line":136,"column":53}},"loc":{"start":{"line":136,"column":57},"end":{"line":153,"column":5}},"line":136},"10":{"name":"(anonymous_10)","decl":{"start":{"line":140,"column":56},"end":{"line":140,"column":57}},"loc":{"start":{"line":140,"column":66},"end":{"line":140,"column":79}},"line":140},"11":{"name":"(anonymous_11)","decl":{"start":{"line":142,"column":25},"end":{"line":142,"column":26}},"loc":{"start":{"line":142,"column":34},"end":{"line":144,"column":7}},"line":142},"12":{"name":"handleLanguage","decl":{"start":{"line":155,"column":35},"end":{"line":155,"column":49}},"loc":{"start":{"line":155,"column":53},"end":{"line":171,"column":5}},"line":155},"13":{"name":"(anonymous_13)","decl":{"start":{"line":174,"column":2},"end":{"line":174,"column":3}},"loc":{"start":{"line":174,"column":17},"end":{"line":214,"column":3}},"line":174},"14":{"name":"(anonymous_14)","decl":{"start":{"line":184,"column":68},"end":{"line":184,"column":69}},"loc":{"start":{"line":184,"column":75},"end":{"line":184,"column":101}},"line":184},"15":{"name":"(anonymous_15)","decl":{"start":{"line":188,"column":63},"end":{"line":188,"column":64}},"loc":{"start":{"line":188,"column":70},"end":{"line":188,"column":96}},"line":188},"16":{"name":"(anonymous_16)","decl":{"start":{"line":192,"column":66},"end":{"line":192,"column":67}},"loc":{"start":{"line":192,"column":73},"end":{"line":192,"column":99}},"line":192},"17":{"name":"(anonymous_17)","decl":{"start":{"line":196,"column":63},"end":{"line":196,"column":64}},"loc":{"start":{"line":196,"column":70},"end":{"line":196,"column":96}},"line":196},"18":{"name":"(anonymous_18)","decl":{"start":{"line":200,"column":67},"end":{"line":200,"column":68}},"loc":{"start":{"line":200,"column":74},"end":{"line":200,"column":100}},"line":200},"19":{"name":"(anonymous_19)","decl":{"start":{"line":216,"column":2},"end":{"line":216,"column":3}},"loc":{"start":{"line":216,"column":23},"end":{"line":245,"column":3}},"line":216},"20":{"name":"(anonymous_20)","decl":{"start":{"line":224,"column":72},"end":{"line":224,"column":73}},"loc":{"start":{"line":224,"column":79},"end":{"line":224,"column":102}},"line":224},"21":{"name":"(anonymous_21)","decl":{"start":{"line":228,"column":70},"end":{"line":228,"column":71}},"loc":{"start":{"line":228,"column":77},"end":{"line":228,"column":100}},"line":228},"22":{"name":"(anonymous_22)","decl":{"start":{"line":232,"column":64},"end":{"line":232,"column":65}},"loc":{"start":{"line":232,"column":71},"end":{"line":232,"column":94}},"line":232},"23":{"name":"(anonymous_23)","decl":{"start":{"line":236,"column":72},"end":{"line":236,"column":73}},"loc":{"start":{"line":236,"column":79},"end":{"line":236,"column":102}},"line":236},"24":{"name":"(anonymous_24)","decl":{"start":{"line":240,"column":70},"end":{"line":240,"column":71}},"loc":{"start":{"line":240,"column":77},"end":{"line":240,"column":100}},"line":240},"25":{"name":"(anonymous_25)","decl":{"start":{"line":247,"column":2},"end":{"line":247,"column":3}},"loc":{"start":{"line":247,"column":21},"end":{"line":272,"column":3}},"line":247},"26":{"name":"(anonymous_26)","decl":{"start":{"line":255,"column":73},"end":{"line":255,"column":74}},"loc":{"start":{"line":255,"column":80},"end":{"line":255,"column":109}},"line":255},"27":{"name":"(anonymous_27)","decl":{"start":{"line":259,"column":73},"end":{"line":259,"column":74}},"loc":{"start":{"line":259,"column":80},"end":{"line":259,"column":109}},"line":259},"28":{"name":"(anonymous_28)","decl":{"start":{"line":263,"column":73},"end":{"line":263,"column":74}},"loc":{"start":{"line":263,"column":80},"end":{"line":263,"column":109}},"line":263},"29":{"name":"(anonymous_29)","decl":{"start":{"line":267,"column":73},"end":{"line":267,"column":74}},"loc":{"start":{"line":267,"column":80},"end":{"line":267,"column":109}},"line":267},"30":{"name":"(anonymous_30)","decl":{"start":{"line":274,"column":2},"end":{"line":274,"column":3}},"loc":{"start":{"line":274,"column":19},"end":{"line":307,"column":3}},"line":274},"31":{"name":"(anonymous_31)","decl":{"start":{"line":282,"column":65},"end":{"line":282,"column":66}},"loc":{"start":{"line":282,"column":72},"end":{"line":282,"column":99}},"line":282},"32":{"name":"(anonymous_32)","decl":{"start":{"line":286,"column":73},"end":{"line":286,"column":74}},"loc":{"start":{"line":286,"column":80},"end":{"line":286,"column":107}},"line":286},"33":{"name":"(anonymous_33)","decl":{"start":{"line":290,"column":73},"end":{"line":290,"column":74}},"loc":{"start":{"line":290,"column":80},"end":{"line":290,"column":107}},"line":290},"34":{"name":"(anonymous_34)","decl":{"start":{"line":294,"column":71},"end":{"line":294,"column":72}},"loc":{"start":{"line":294,"column":78},"end":{"line":294,"column":105}},"line":294},"35":{"name":"(anonymous_35)","decl":{"start":{"line":298,"column":73},"end":{"line":298,"column":74}},"loc":{"start":{"line":298,"column":80},"end":{"line":298,"column":107}},"line":298},"36":{"name":"(anonymous_36)","decl":{"start":{"line":302,"column":73},"end":{"line":302,"column":74}},"loc":{"start":{"line":302,"column":80},"end":{"line":302,"column":107}},"line":302},"37":{"name":"(anonymous_37)","decl":{"start":{"line":309,"column":2},"end":{"line":309,"column":3}},"loc":{"start":{"line":309,"column":11},"end":{"line":320,"column":3}},"line":309}},"branchMap":{"0":{"loc":{"start":{"line":118,"column":8},"end":{"line":120,"column":9}},"type":"if","locations":[{"start":{"line":118,"column":8},"end":{"line":120,"column":9}},{"start":{"line":118,"column":8},"end":{"line":120,"column":9}}],"line":118},"1":{"loc":{"start":{"line":122,"column":6},"end":{"line":124,"column":7}},"type":"if","locations":[{"start":{"line":122,"column":6},"end":{"line":124,"column":7}},{"start":{"line":122,"column":6},"end":{"line":124,"column":7}}],"line":122}},"s":{"0":4,"1":6,"2":7,"3":7,"4":7,"5":7,"6":0,"7":0,"8":0,"9":0,"10":0,"11":0,"12":0,"13":0,"14":0,"15":7,"16":0,"17":0,"18":0,"19":0,"20":0,"21":0,"22":0,"23":0,"24":0,"25":0,"26":0,"27":0,"28":0,"29":0,"30":0,"31":0,"32":7,"33":0,"34":0,"35":0,"36":0,"37":0,"38":0,"39":0,"40":0,"41":0,"42":0,"43":7,"44":0,"45":0,"46":0,"47":0,"48":0,"49":7,"50":7,"51":0,"52":0,"53":0,"54":0,"55":0,"56":7,"57":7,"58":0,"59":0,"60":0,"61":0,"62":0,"63":7,"64":7,"65":0,"66":0,"67":0,"68":0,"69":7,"70":7,"71":0,"72":0,"73":0,"74":0,"75":0,"76":0,"77":7,"78":4,"79":4},"f":{"0":6,"1":7,"2":0,"3":0,"4":0,"5":0,"6":0,"7":0,"8":0,"9":0,"10":0,"11":0,"12":0,"13":7,"14":0,"15":0,"16":0,"17":0,"18":0,"19":7,"20":0,"21":0,"22":0,"23":0,"24":0,"25":7,"26":0,"27":0,"28":0,"29":0,"30":7,"31":0,"32":0,"33":0,"34":0,"35":0,"36":0,"37":7},"b":{"0":[0,0],"1":[0,0]},"_coverageSchema":"1a1c01bbd47fc00a2c39e90264f33305004495a9","hash":"dc193272cf9fe14c24a6aad5d39b92c4efbff3bc"}
,"/Users/thomasmcnutt/hackreactor/FEC/collin-newman-service/src/components/ReviewKeywords.jsx": {"path":"/Users/thomasmcnutt/hackreactor/FEC/collin-newman-service/src/components/ReviewKeywords.jsx","statementMap":{"0":{"start":{"line":3,"column":23},"end":{"line":3,"column":50}},"1":{"start":{"line":3,"column":29},"end":{"line":3,"column":50}}},"fnMap":{"0":{"name":"(anonymous_0)","decl":{"start":{"line":3,"column":23},"end":{"line":3,"column":24}},"loc":{"start":{"line":3,"column":29},"end":{"line":3,"column":50}},"line":3}},"branchMap":{},"s":{"0":1,"1":1},"f":{"0":1},"b":{},"_coverageSchema":"1a1c01bbd47fc00a2c39e90264f33305004495a9","hash":"adaa708b03aab7caab4995d03058274a327b05f1"}
,"/Users/thomasmcnutt/hackreactor/FEC/collin-newman-service/src/components/ReviewList.jsx": {"path":"/Users/thomasmcnutt/hackreactor/FEC/collin-newman-service/src/components/ReviewList.jsx","statementMap":{"0":{"start":{"line":10,"column":22},"end":{"line":25,"column":1}},"1":{"start":{"line":11,"column":2},"end":{"line":24,"column":9}},"2":{"start":{"line":27,"column":19},"end":{"line":56,"column":1}},"3":{"start":{"line":28,"column":19},"end":{"line":28,"column":34}},"4":{"start":{"line":29,"column":19},"end":{"line":29,"column":23}},"5":{"start":{"line":31,"column":2},"end":{"line":48,"column":3}},"6":{"start":{"line":32,"column":4},"end":{"line":44,"column":7}},"7":{"start":{"line":33,"column":22},"end":{"line":33,"column":28}},"8":{"start":{"line":34,"column":6},"end":{"line":43,"column":8}},"9":{"start":{"line":45,"column":4},"end":{"line":47,"column":5}},"10":{"start":{"line":46,"column":6},"end":{"line":46,"column":34}},"11":{"start":{"line":50,"column":2},"end":{"line":55,"column":4}},"12":{"start":{"line":58,"column":0},"end":{"line":75,"column":2}}},"fnMap":{"0":{"name":"(anonymous_0)","decl":{"start":{"line":10,"column":22},"end":{"line":10,"column":23}},"loc":{"start":{"line":11,"column":2},"end":{"line":24,"column":9}},"line":11},"1":{"name":"(anonymous_1)","decl":{"start":{"line":27,"column":19},"end":{"line":27,"column":20}},"loc":{"start":{"line":27,"column":72},"end":{"line":56,"column":1}},"line":27},"2":{"name":"(anonymous_2)","decl":{"start":{"line":32,"column":37},"end":{"line":32,"column":38}},"loc":{"start":{"line":32,"column":49},"end":{"line":44,"column":5}},"line":32}},"branchMap":{"0":{"loc":{"start":{"line":31,"column":2},"end":{"line":48,"column":3}},"type":"if","locations":[{"start":{"line":31,"column":2},"end":{"line":48,"column":3}},{"start":{"line":31,"column":2},"end":{"line":48,"column":3}}],"line":31},"1":{"loc":{"start":{"line":45,"column":4},"end":{"line":47,"column":5}},"type":"if","locations":[{"start":{"line":45,"column":4},"end":{"line":47,"column":5}},{"start":{"line":45,"column":4},"end":{"line":47,"column":5}}],"line":45}},"s":{"0":4,"1":1,"2":4,"3":1,"4":1,"5":1,"6":1,"7":1,"8":1,"9":1,"10":1,"11":1,"12":4},"f":{"0":1,"1":1,"2":1},"b":{"0":[1,0],"1":[1,0]},"_coverageSchema":"1a1c01bbd47fc00a2c39e90264f33305004495a9","hash":"52c849c0d649c3a519bb70ee8fe182f206acb30a"}
,"/Users/thomasmcnutt/hackreactor/FEC/collin-newman-service/src/components/ReviewListControls.jsx": {"path":"/Users/thomasmcnutt/hackreactor/FEC/collin-newman-service/src/components/ReviewListControls.jsx","statementMap":{"0":{"start":{"line":23,"column":18},"end":{"line":85,"column":3}},"1":{"start":{"line":23,"column":41},"end":{"line":85,"column":1}},"2":{"start":{"line":87,"column":27},"end":{"line":240,"column":1}},"3":{"start":{"line":88,"column":18},"end":{"line":88,"column":29}},"4":{"start":{"line":97,"column":6},"end":{"line":97,"column":11}},"5":{"start":{"line":99,"column":26},"end":{"line":99,"column":47}},"6":{"start":{"line":100,"column":32},"end":{"line":100,"column":49}},"7":{"start":{"line":102,"column":21},"end":{"line":104,"column":3}},"8":{"start":{"line":103,"column":4},"end":{"line":103,"column":18}},"9":{"start":{"line":106,"column":22},"end":{"line":108,"column":3}},"10":{"start":{"line":107,"column":4},"end":{"line":107,"column":19}},"11":{"start":{"line":110,"column":20},"end":{"line":193,"column":3}},"12":{"start":{"line":111,"column":4},"end":{"line":192,"column":11}},"13":{"start":{"line":128,"column":41},"end":{"line":128,"column":63}},"14":{"start":{"line":147,"column":28},"end":{"line":147,"column":32}},"15":{"start":{"line":163,"column":28},"end":{"line":163,"column":32}},"16":{"start":{"line":180,"column":31},"end":{"line":180,"column":59}},"17":{"start":{"line":185,"column":12},"end":{"line":185,"column":26}},"18":{"start":{"line":186,"column":12},"end":{"line":186,"column":26}},"19":{"start":{"line":195,"column":2},"end":{"line":239,"column":4}},"20":{"start":{"line":214,"column":33},"end":{"line":214,"column":45}},"21":{"start":{"line":242,"column":0},"end":{"line":256,"column":2}}},"fnMap":{"0":{"name":"(anonymous_0)","decl":{"start":{"line":23,"column":29},"end":{"line":23,"column":30}},"loc":{"start":{"line":23,"column":41},"end":{"line":85,"column":1}},"line":23},"1":{"name":"(anonymous_1)","decl":{"start":{"line":87,"column":27},"end":{"line":87,"column":28}},"loc":{"start":{"line":87,"column":38},"end":{"line":240,"column":1}},"line":87},"2":{"name":"(anonymous_2)","decl":{"start":{"line":102,"column":21},"end":{"line":102,"column":22}},"loc":{"start":{"line":102,"column":27},"end":{"line":104,"column":3}},"line":102},"3":{"name":"(anonymous_3)","decl":{"start":{"line":106,"column":22},"end":{"line":106,"column":23}},"loc":{"start":{"line":106,"column":28},"end":{"line":108,"column":3}},"line":106},"4":{"name":"(anonymous_4)","decl":{"start":{"line":110,"column":20},"end":{"line":110,"column":21}},"loc":{"start":{"line":111,"column":4},"end":{"line":192,"column":11}},"line":111},"5":{"name":"(anonymous_5)","decl":{"start":{"line":128,"column":20},"end":{"line":128,"column":21}},"loc":{"start":{"line":128,"column":41},"end":{"line":128,"column":63}},"line":128},"6":{"name":"(anonymous_6)","decl":{"start":{"line":147,"column":22},"end":{"line":147,"column":23}},"loc":{"start":{"line":147,"column":28},"end":{"line":147,"column":32}},"line":147},"7":{"name":"(anonymous_7)","decl":{"start":{"line":163,"column":22},"end":{"line":163,"column":23}},"loc":{"start":{"line":163,"column":28},"end":{"line":163,"column":32}},"line":163},"8":{"name":"(anonymous_8)","decl":{"start":{"line":180,"column":20},"end":{"line":180,"column":21}},"loc":{"start":{"line":180,"column":31},"end":{"line":180,"column":59}},"line":180},"9":{"name":"(anonymous_9)","decl":{"start":{"line":184,"column":19},"end":{"line":184,"column":20}},"loc":{"start":{"line":184,"column":25},"end":{"line":187,"column":11}},"line":184},"10":{"name":"(anonymous_10)","decl":{"start":{"line":214,"column":27},"end":{"line":214,"column":28}},"loc":{"start":{"line":214,"column":33},"end":{"line":214,"column":45}},"line":214}},"branchMap":{},"s":{"0":3,"1":1,"2":3,"3":5,"4":3,"5":3,"6":3,"7":3,"8":0,"9":3,"10":0,"11":3,"12":3,"13":0,"14":0,"15":0,"16":0,"17":0,"18":0,"19":3,"20":0,"21":3},"f":{"0":1,"1":5,"2":0,"3":0,"4":3,"5":0,"6":0,"7":0,"8":0,"9":0,"10":0},"b":{},"_coverageSchema":"1a1c01bbd47fc00a2c39e90264f33305004495a9","hash":"28c4c437d4f8147b1ece35891cd8ae9bca41b87a"}
,"/Users/thomasmcnutt/hackreactor/FEC/collin-newman-service/src/components/SearchBar.jsx": {"path":"/Users/thomasmcnutt/hackreactor/FEC/collin-newman-service/src/components/SearchBar.jsx","statementMap":{"0":{"start":{"line":13,"column":4},"end":{"line":13,"column":17}},"1":{"start":{"line":15,"column":4},"end":{"line":17,"column":6}},"2":{"start":{"line":21,"column":4},"end":{"line":25,"column":5}},"3":{"start":{"line":22,"column":6},"end":{"line":22,"column":39}},"4":{"start":{"line":24,"column":6},"end":{"line":24,"column":40}},"5":{"start":{"line":29,"column":42},"end":{"line":29,"column":52}},"6":{"start":{"line":30,"column":4},"end":{"line":30,"column":46}},"7":{"start":{"line":34,"column":38},"end":{"line":34,"column":48}},"8":{"start":{"line":35,"column":4},"end":{"line":35,"column":54}},"9":{"start":{"line":36,"column":4},"end":{"line":36,"column":38}},"10":{"start":{"line":37,"column":4},"end":{"line":37,"column":28}},"11":{"start":{"line":41,"column":24},"end":{"line":41,"column":34}},"12":{"start":{"line":42,"column":4},"end":{"line":76,"column":6}},"13":{"start":{"line":49,"column":16},"end":{"line":49,"column":44}},"14":{"start":{"line":50,"column":16},"end":{"line":50,"column":49}},"15":{"start":{"line":62,"column":33},"end":{"line":62,"column":50}},"16":{"start":{"line":80,"column":0},"end":{"line":83,"column":2}}},"fnMap":{"0":{"name":"(anonymous_0)","decl":{"start":{"line":12,"column":2},"end":{"line":12,"column":3}},"loc":{"start":{"line":12,"column":21},"end":{"line":18,"column":3}},"line":12},"1":{"name":"(anonymous_1)","decl":{"start":{"line":20,"column":2},"end":{"line":20,"column":3}},"loc":{"start":{"line":20,"column":30},"end":{"line":26,"column":3}},"line":20},"2":{"name":"(anonymous_2)","decl":{"start":{"line":28,"column":2},"end":{"line":28,"column":3}},"loc":{"start":{"line":28,"column":25},"end":{"line":31,"column":3}},"line":28},"3":{"name":"(anonymous_3)","decl":{"start":{"line":33,"column":2},"end":{"line":33,"column":3}},"loc":{"start":{"line":33,"column":15},"end":{"line":38,"column":3}},"line":33},"4":{"name":"(anonymous_4)","decl":{"start":{"line":40,"column":2},"end":{"line":40,"column":3}},"loc":{"start":{"line":40,"column":11},"end":{"line":77,"column":3}},"line":40},"5":{"name":"(anonymous_5)","decl":{"start":{"line":48,"column":24},"end":{"line":48,"column":25}},"loc":{"start":{"line":48,"column":31},"end":{"line":51,"column":15}},"line":48},"6":{"name":"(anonymous_6)","decl":{"start":{"line":62,"column":27},"end":{"line":62,"column":28}},"loc":{"start":{"line":62,"column":33},"end":{"line":62,"column":50}},"line":62}},"branchMap":{"0":{"loc":{"start":{"line":21,"column":4},"end":{"line":25,"column":5}},"type":"if","locations":[{"start":{"line":21,"column":4},"end":{"line":25,"column":5}},{"start":{"line":21,"column":4},"end":{"line":25,"column":5}}],"line":21}},"s":{"0":1,"1":1,"2":0,"3":0,"4":0,"5":0,"6":0,"7":0,"8":0,"9":0,"10":0,"11":1,"12":1,"13":0,"14":0,"15":0,"16":3},"f":{"0":1,"1":0,"2":0,"3":0,"4":1,"5":0,"6":0},"b":{"0":[0,0]},"_coverageSchema":"1a1c01bbd47fc00a2c39e90264f33305004495a9","hash":"5a9123058b13122f8f6ef6ad0ea272b078b4c282"}
}
