TN:
SF:src/index.jsx
FNF:0
FNH:0
DA:8,0
LF:1
LH:0
BRF:0
BRH:0
end_of_record
TN:
SF:src/components/App.jsx
FN:14,(anonymous_0)
FN:37,(anonymous_1)
FN:41,(anonymous_2)
FN:45,(anonymous_3)
FN:49,(anonymous_4)
FN:57,(anonymous_5)
FN:65,(anonymous_6)
FN:73,(anonymous_7)
FN:81,(anonymous_8)
FN:86,(anonymous_9)
FN:88,(anonymous_10)
FN:92,(anonymous_11)
FN:95,(anonymous_12)
FN:105,(anonymous_13)
FN:112,(anonymous_14)
FN:113,(anonymous_15)
FN:120,(anonymous_16)
FN:127,(anonymous_17)
FN:148,(anonymous_18)
FN:151,(anonymous_19)
FN:154,(anonymous_20)
FN:157,(anonymous_21)
FN:161,(anonymous_22)
FN:173,(anonymous_23)
FN:185,(anonymous_24)
FN:197,(anonymous_25)
FN:201,(anonymous_26)
FN:204,(anonymous_27)
FN:239,(anonymous_28)
FNF:29
FNH:15
FNDA:5,(anonymous_0)
FNDA:5,(anonymous_1)
FNDA:1,(anonymous_2)
FNDA:0,(anonymous_3)
FNDA:0,(anonymous_4)
FNDA:0,(anonymous_5)
FNDA:0,(anonymous_6)
FNDA:0,(anonymous_7)
FNDA:5,(anonymous_8)
FNDA:0,(anonymous_9)
FNDA:0,(anonymous_10)
FNDA:0,(anonymous_11)
FNDA:13,(anonymous_12)
FNDA:13,(anonymous_13)
FNDA:13,(anonymous_14)
FNDA:600,(anonymous_15)
FNDA:600,(anonymous_16)
FNDA:600,(anonymous_17)
FNDA:0,(anonymous_18)
FNDA:0,(anonymous_19)
FNDA:0,(anonymous_20)
FNDA:1,(anonymous_21)
FNDA:100,(anonymous_22)
FNDA:100,(anonymous_23)
FNDA:0,(anonymous_24)
FNDA:0,(anonymous_25)
FNDA:0,(anonymous_26)
FNDA:12,(anonymous_27)
FNDA:12,(anonymous_28)
DA:15,5
DA:16,5
DA:27,5
DA:28,5
DA:29,5
DA:30,5
DA:31,5
DA:32,5
DA:33,5
DA:34,5
DA:38,5
DA:42,1
DA:46,0
DA:50,0
DA:51,0
DA:53,0
DA:58,0
DA:59,0
DA:61,0
DA:66,0
DA:67,0
DA:69,0
DA:74,0
DA:75,0
DA:77,0
DA:85,5
DA:87,0
DA:88,0
DA:89,0
DA:90,0
DA:92,0
DA:96,13
DA:97,13
DA:98,13
DA:99,13
DA:100,13
DA:102,0
DA:111,13
DA:112,13
DA:113,13
DA:114,600
DA:115,600
DA:117,0
DA:118,0
DA:121,600
DA:122,0
DA:124,600
DA:125,600
DA:128,600
DA:129,600
DA:130,0
DA:131,0
DA:132,0
DA:135,600
DA:136,0
DA:138,600
DA:139,600
DA:142,13
DA:145,13
DA:149,0
DA:150,0
DA:152,0
DA:154,0
DA:158,1
DA:161,1
DA:162,100
DA:165,1
DA:173,1
DA:174,100
DA:175,5
DA:177,95
DA:179,100
DA:181,1
DA:182,1
DA:186,0
DA:187,0
DA:188,0
DA:189,0
DA:190,0
DA:191,0
DA:193,0
DA:194,0
DA:195,0
DA:196,0
DA:198,0
DA:199,0
DA:201,0
DA:207,12
DA:209,12
DA:210,12
DA:211,12
DA:212,1
DA:236,11
DA:240,12
LF:94
LH:51
BRDA:50,0,0,0
BRDA:50,0,1,0
BRDA:58,1,0,0
BRDA:58,1,1,0
BRDA:66,2,0,0
BRDA:66,2,1,0
BRDA:74,3,0,0
BRDA:74,3,1,0
BRDA:99,4,0,13
BRDA:99,4,1,0
BRDA:114,5,0,600
BRDA:114,5,1,0
BRDA:117,6,0,0
BRDA:117,6,1,0
BRDA:121,7,0,0
BRDA:121,7,1,600
BRDA:124,8,0,600
BRDA:124,8,1,0
BRDA:130,9,0,0
BRDA:130,9,1,0
BRDA:135,10,0,0
BRDA:135,10,1,600
BRDA:138,11,0,600
BRDA:138,11,1,0
BRDA:174,12,0,5
BRDA:174,12,1,95
BRDA:211,13,0,1
BRDA:211,13,1,11
BRDA:211,14,0,12
BRDA:211,14,1,5
BRF:30
BRH:12
end_of_record
TN:
SF:src/components/Pagination.jsx
FN:3,(anonymous_0)
FNF:1
FNH:1
FNDA:2,(anonymous_0)
DA:3,5
DA:4,2
LF:2
LH:2
BRF:0
BRH:0
end_of_record
TN:
SF:src/components/ReviewCard.jsx
FN:22,(anonymous_0)
FN:48,(anonymous_1)
FN:54,(anonymous_2)
FN:70,(anonymous_3)
FN:82,(anonymous_4)
FN:161,(anonymous_5)
FNF:6
FNH:5
FNDA:1,(anonymous_0)
FNDA:4,(anonymous_1)
FNDA:4,(anonymous_2)
FNDA:16,(anonymous_3)
FNDA:4,(anonymous_4)
FNDA:0,(anonymous_5)
DA:22,5
DA:48,5
DA:49,4
DA:50,4
DA:51,4
DA:52,4
DA:54,4
DA:55,4
DA:56,4
DA:57,0
DA:59,4
DA:60,0
DA:68,4
DA:71,16
DA:82,4
DA:83,4
DA:84,0
DA:86,4
DA:89,4
DA:161,0
DA:181,5
LF:21
LH:17
BRDA:56,0,0,0
BRDA:56,0,1,4
BRDA:59,1,0,0
BRDA:59,1,1,4
BRDA:83,2,0,0
BRDA:83,2,1,4
BRF:6
BRH:3
end_of_record
TN:
SF:src/components/ReviewFilters.jsx
FN:7,(anonymous_0)
FN:51,(anonymous_1)
FN:88,handleRatings
FN:91,(anonymous_3)
FN:93,(anonymous_4)
FN:106,handleType
FN:110,(anonymous_6)
FN:112,(anonymous_7)
FN:117,(anonymous_8)
FN:136,handleTimeOfYear
FN:140,(anonymous_10)
FN:142,(anonymous_11)
FN:155,handleLanguage
FN:174,(anonymous_13)
FN:184,(anonymous_14)
FN:188,(anonymous_15)
FN:192,(anonymous_16)
FN:196,(anonymous_17)
FN:200,(anonymous_18)
FN:216,(anonymous_19)
FN:224,(anonymous_20)
FN:228,(anonymous_21)
FN:232,(anonymous_22)
FN:236,(anonymous_23)
FN:240,(anonymous_24)
FN:247,(anonymous_25)
FN:255,(anonymous_26)
FN:259,(anonymous_27)
FN:263,(anonymous_28)
FN:267,(anonymous_29)
FN:274,(anonymous_30)
FN:282,(anonymous_31)
FN:286,(anonymous_32)
FN:290,(anonymous_33)
FN:294,(anonymous_34)
FN:298,(anonymous_35)
FN:302,(anonymous_36)
FN:309,(anonymous_37)
FNF:38
FNH:7
FNDA:6,(anonymous_0)
FNDA:7,(anonymous_1)
FNDA:0,handleRatings
FNDA:0,(anonymous_3)
FNDA:0,(anonymous_4)
FNDA:0,handleType
FNDA:0,(anonymous_6)
FNDA:0,(anonymous_7)
FNDA:0,(anonymous_8)
FNDA:0,handleTimeOfYear
FNDA:0,(anonymous_10)
FNDA:0,(anonymous_11)
FNDA:0,handleLanguage
FNDA:7,(anonymous_13)
FNDA:0,(anonymous_14)
FNDA:0,(anonymous_15)
FNDA:0,(anonymous_16)
FNDA:0,(anonymous_17)
FNDA:0,(anonymous_18)
FNDA:7,(anonymous_19)
FNDA:0,(anonymous_20)
FNDA:0,(anonymous_21)
FNDA:0,(anonymous_22)
FNDA:0,(anonymous_23)
FNDA:0,(anonymous_24)
FNDA:7,(anonymous_25)
FNDA:0,(anonymous_26)
FNDA:0,(anonymous_27)
FNDA:0,(anonymous_28)
FNDA:0,(anonymous_29)
FNDA:7,(anonymous_30)
FNDA:0,(anonymous_31)
FNDA:0,(anonymous_32)
FNDA:0,(anonymous_33)
FNDA:0,(anonymous_34)
FNDA:0,(anonymous_35)
FNDA:0,(anonymous_36)
FNDA:7,(anonymous_37)
DA:7,6
DA:52,7
DA:53,7
DA:86,7
DA:88,7
DA:89,0
DA:90,0
DA:91,0
DA:92,0
DA:93,0
DA:94,0
DA:96,0
DA:102,0
DA:106,7
DA:107,0
DA:108,0
DA:109,0
DA:110,0
DA:111,0
DA:112,0
DA:113,0
DA:116,0
DA:117,0
DA:118,0
DA:119,0
DA:122,0
DA:123,0
DA:126,0
DA:133,0
DA:136,7
DA:137,0
DA:138,0
DA:139,0
DA:140,0
DA:141,0
DA:142,0
DA:143,0
DA:145,0
DA:152,0
DA:155,7
DA:156,0
DA:157,0
DA:158,0
DA:159,0
DA:170,0
DA:175,7
DA:176,7
DA:184,0
DA:188,0
DA:192,0
DA:196,0
DA:200,0
DA:217,7
DA:218,7
DA:224,0
DA:228,0
DA:232,0
DA:236,0
DA:240,0
DA:248,7
DA:249,7
DA:255,0
DA:259,0
DA:263,0
DA:267,0
DA:275,7
DA:276,7
DA:282,0
DA:286,0
DA:290,0
DA:294,0
DA:298,0
DA:302,0
DA:310,7
DA:323,4
DA:339,4
LF:76
LH:19
BRDA:118,0,0,0
BRDA:118,0,1,0
BRDA:122,1,0,0
BRDA:122,1,1,0
BRF:4
BRH:0
end_of_record
TN:
SF:src/components/ReviewKeywords.jsx
FN:3,(anonymous_0)
FNF:1
FNH:1
FNDA:1,(anonymous_0)
DA:3,1
LF:1
LH:1
BRF:0
BRH:0
end_of_record
TN:
SF:src/components/ReviewList.jsx
FN:10,(anonymous_0)
FN:27,(anonymous_1)
FN:32,(anonymous_2)
FNF:3
FNH:3
FNDA:1,(anonymous_0)
FNDA:1,(anonymous_1)
FNDA:1,(anonymous_2)
DA:10,4
DA:11,1
DA:27,4
DA:28,1
DA:29,1
DA:31,1
DA:32,1
DA:33,1
DA:34,1
DA:45,1
DA:46,1
DA:50,1
DA:58,4
LF:13
LH:13
BRDA:31,0,0,1
BRDA:31,0,1,0
BRDA:45,1,0,1
BRDA:45,1,1,0
BRF:4
BRH:2
end_of_record
TN:
SF:src/components/ReviewListControls.jsx
FN:23,(anonymous_0)
FN:87,(anonymous_1)
FN:102,(anonymous_2)
FN:106,(anonymous_3)
FN:110,(anonymous_4)
FN:128,(anonymous_5)
FN:147,(anonymous_6)
FN:163,(anonymous_7)
FN:180,(anonymous_8)
FN:184,(anonymous_9)
FN:214,(anonymous_10)
FNF:11
FNH:3
FNDA:1,(anonymous_0)
FNDA:5,(anonymous_1)
FNDA:0,(anonymous_2)
FNDA:0,(anonymous_3)
FNDA:3,(anonymous_4)
FNDA:0,(anonymous_5)
FNDA:0,(anonymous_6)
FNDA:0,(anonymous_7)
FNDA:0,(anonymous_8)
FNDA:0,(anonymous_9)
FNDA:0,(anonymous_10)
DA:23,3
DA:87,3
DA:88,5
DA:97,3
DA:99,3
DA:100,3
DA:102,3
DA:103,0
DA:106,3
DA:107,0
DA:110,3
DA:111,3
DA:128,0
DA:147,0
DA:163,0
DA:180,0
DA:185,0
DA:186,0
DA:195,3
DA:214,0
DA:242,3
LF:21
LH:12
BRF:0
BRH:0
end_of_record
TN:
SF:src/components/SearchBar.jsx
FN:12,(anonymous_0)
FN:20,(anonymous_1)
FN:28,(anonymous_2)
FN:33,(anonymous_3)
FN:40,(anonymous_4)
FN:48,(anonymous_5)
FN:62,(anonymous_6)
FNF:7
FNH:2
FNDA:1,(anonymous_0)
FNDA:0,(anonymous_1)
FNDA:0,(anonymous_2)
FNDA:0,(anonymous_3)
FNDA:1,(anonymous_4)
FNDA:0,(anonymous_5)
FNDA:0,(anonymous_6)
DA:13,1
DA:15,1
DA:21,0
DA:22,0
DA:24,0
DA:29,0
DA:30,0
DA:34,0
DA:35,0
DA:36,0
DA:37,0
DA:41,1
DA:42,1
DA:49,0
DA:50,0
DA:62,0
DA:80,3
LF:17
LH:5
BRDA:21,0,0,0
BRDA:21,0,1,0
BRF:2
BRH:0
end_of_record
